<?xml version="1.0" encoding="UTF-8"?>
<testng-results ignored="0" total="1" passed="1" failed="0" skipped="0">
  <reporter-output>
  </reporter-output>
  <suite started-at="2023-03-30T11:28:21 GMT-05:00" name="Default suite" finished-at="2023-03-30T11:28:26 GMT-05:00" duration-ms="4301">
    <groups>
    </groups>
    <test started-at="2023-03-30T11:28:21 GMT-05:00" name="Default test" finished-at="2023-03-30T11:28:26 GMT-05:00" duration-ms="4301">
      <class name="test1.monthdropdown">
        <test-method signature="usershouldbeabletoseemonthdropdown()[pri:0, instance:test1.monthdropdown@29647f75]" started-at="2023-03-30T11:28:21 GMT-05:00" name="usershouldbeabletoseemonthdropdown" finished-at="2023-03-30T11:28:25 GMT-05:00" duration-ms="4261" status="PASS">
          <reporter-output>
          </reporter-output>
        </test-method> <!-- usershouldbeabletoseemonthdropdown -->
      </class> <!-- test1.monthdropdown -->
    </test> <!-- Default test -->
  </suite> <!-- Default suite -->
</testng-results>
